TN:
SF:controller\personController.js
FN:4,(anonymous_0)
FN:8,(anonymous_1)
FN:20,(anonymous_2)
FN:22,(anonymous_3)
FN:31,(anonymous_4)
FN:35,(anonymous_5)
FN:49,(anonymous_6)
FN:51,(anonymous_7)
FNF:8
FNH:8
FNDA:1,(anonymous_0)
FNDA:1,(anonymous_1)
FNDA:2,(anonymous_2)
FNDA:11,(anonymous_3)
FNDA:2,(anonymous_4)
FNDA:11,(anonymous_5)
FNDA:2,(anonymous_6)
FNDA:10,(anonymous_7)
DA:1,1
DA:2,1
DA:4,1
DA:5,1
DA:8,1
DA:9,1
DA:10,1
DA:11,1
DA:15,1
DA:16,1
DA:17,1
DA:20,1
DA:21,2
DA:22,11
DA:24,2
DA:25,1
DA:27,1
DA:31,1
DA:32,2
DA:33,2
DA:35,11
DA:37,2
DA:38,1
DA:42,1
DA:43,1
DA:45,1
DA:49,1
DA:50,2
DA:51,10
DA:53,2
DA:54,1
DA:55,1
DA:56,1
DA:58,1
DA:62,1
LF:35
LH:35
BRDA:24,0,0,1
BRDA:24,0,1,1
BRDA:37,1,0,1
BRDA:37,1,1,1
BRDA:53,2,0,1
BRDA:53,2,1,1
BRF:6
BRH:6
end_of_record
TN:
SF:model\people.js
FNF:0
FNH:0
DA:1,1
DA:49,1
LF:2
LH:2
BRF:0
BRH:0
end_of_record
