{"C:\\Users\\Maric Razvan\\OneDrive\\Desktop\\MPP\\Project\\server\\controller\\PeopleController.js": {"path":"C:\\Users\\Maric Razvan\\OneDrive\\Desktop\\MPP\\Project\\server\\controller\\PeopleController.js","statementMap":{"0":{"start":{"line":1,"column":15},"end":{"line":1,"column":41}},"1":{"start":{"line":2,"column":21},"end":{"line":2,"column":36}},"2":{"start":{"line":4,"column":21},"end":{"line":6,"column":1}},"3":{"start":{"line":5,"column":4},"end":{"line":5,"column":21}},"4":{"start":{"line":8,"column":21},"end":{"line":18,"column":1}},"5":{"start":{"line":9,"column":15},"end":{"line":9,"column":21}},"6":{"start":{"line":10,"column":19},"end":{"line":10,"column":27}},"7":{"start":{"line":11,"column":22},"end":{"line":14,"column":5}},"8":{"start":{"line":15,"column":4},"end":{"line":15,"column":27}},"9":{"start":{"line":16,"column":4},"end":{"line":16,"column":27}},"10":{"start":{"line":17,"column":4},"end":{"line":17,"column":24}},"11":{"start":{"line":20,"column":22},"end":{"line":29,"column":1}},"12":{"start":{"line":21,"column":15},"end":{"line":21,"column":28}},"13":{"start":{"line":22,"column":18},"end":{"line":22,"column":62}},"14":{"start":{"line":22,"column":45},"end":{"line":22,"column":61}},"15":{"start":{"line":24,"column":4},"end":{"line":28,"column":5}},"16":{"start":{"line":25,"column":8},"end":{"line":25,"column":32}},"17":{"start":{"line":27,"column":8},"end":{"line":27,"column":62}},"18":{"start":{"line":31,"column":21},"end":{"line":47,"column":1}},"19":{"start":{"line":32,"column":15},"end":{"line":32,"column":28}},"20":{"start":{"line":33,"column":30},"end":{"line":33,"column":38}},"21":{"start":{"line":35,"column":18},"end":{"line":35,"column":62}},"22":{"start":{"line":35,"column":45},"end":{"line":35,"column":61}},"23":{"start":{"line":37,"column":4},"end":{"line":46,"column":5}},"24":{"start":{"line":38,"column":8},"end":{"line":41,"column":10}},"25":{"start":{"line":42,"column":8},"end":{"line":42,"column":28}},"26":{"start":{"line":43,"column":8},"end":{"line":43,"column":32}},"27":{"start":{"line":45,"column":8},"end":{"line":45,"column":62}},"28":{"start":{"line":49,"column":21},"end":{"line":60,"column":1}},"29":{"start":{"line":50,"column":15},"end":{"line":50,"column":28}},"30":{"start":{"line":51,"column":18},"end":{"line":51,"column":62}},"31":{"start":{"line":51,"column":45},"end":{"line":51,"column":61}},"32":{"start":{"line":53,"column":4},"end":{"line":59,"column":5}},"33":{"start":{"line":54,"column":30},"end":{"line":54,"column":56}},"34":{"start":{"line":55,"column":8},"end":{"line":55,"column":35}},"35":{"start":{"line":56,"column":8},"end":{"line":56,"column":32}},"36":{"start":{"line":58,"column":8},"end":{"line":58,"column":62}},"37":{"start":{"line":62,"column":0},"end":{"line":68,"column":2}}},"fnMap":{"0":{"name":"(anonymous_0)","decl":{"start":{"line":4,"column":21},"end":{"line":4,"column":22}},"loc":{"start":{"line":4,"column":35},"end":{"line":6,"column":1}},"line":4},"1":{"name":"(anonymous_1)","decl":{"start":{"line":8,"column":21},"end":{"line":8,"column":22}},"loc":{"start":{"line":8,"column":35},"end":{"line":18,"column":1}},"line":8},"2":{"name":"(anonymous_2)","decl":{"start":{"line":20,"column":22},"end":{"line":20,"column":23}},"loc":{"start":{"line":20,"column":36},"end":{"line":29,"column":1}},"line":20},"3":{"name":"(anonymous_3)","decl":{"start":{"line":22,"column":35},"end":{"line":22,"column":36}},"loc":{"start":{"line":22,"column":45},"end":{"line":22,"column":61}},"line":22},"4":{"name":"(anonymous_4)","decl":{"start":{"line":31,"column":21},"end":{"line":31,"column":22}},"loc":{"start":{"line":31,"column":35},"end":{"line":47,"column":1}},"line":31},"5":{"name":"(anonymous_5)","decl":{"start":{"line":35,"column":35},"end":{"line":35,"column":36}},"loc":{"start":{"line":35,"column":45},"end":{"line":35,"column":61}},"line":35},"6":{"name":"(anonymous_6)","decl":{"start":{"line":49,"column":21},"end":{"line":49,"column":22}},"loc":{"start":{"line":49,"column":35},"end":{"line":60,"column":1}},"line":49},"7":{"name":"(anonymous_7)","decl":{"start":{"line":51,"column":35},"end":{"line":51,"column":36}},"loc":{"start":{"line":51,"column":45},"end":{"line":51,"column":61}},"line":51}},"branchMap":{"0":{"loc":{"start":{"line":24,"column":4},"end":{"line":28,"column":5}},"type":"if","locations":[{"start":{"line":24,"column":4},"end":{"line":28,"column":5}},{"start":{"line":26,"column":11},"end":{"line":28,"column":5}}],"line":24},"1":{"loc":{"start":{"line":37,"column":4},"end":{"line":46,"column":5}},"type":"if","locations":[{"start":{"line":37,"column":4},"end":{"line":46,"column":5}},{"start":{"line":44,"column":11},"end":{"line":46,"column":5}}],"line":37},"2":{"loc":{"start":{"line":53,"column":4},"end":{"line":59,"column":5}},"type":"if","locations":[{"start":{"line":53,"column":4},"end":{"line":59,"column":5}},{"start":{"line":57,"column":11},"end":{"line":59,"column":5}}],"line":53}},"s":{"0":1,"1":1,"2":1,"3":1,"4":1,"5":1,"6":1,"7":1,"8":1,"9":1,"10":1,"11":1,"12":2,"13":2,"14":11,"15":2,"16":1,"17":1,"18":1,"19":2,"20":2,"21":2,"22":11,"23":2,"24":1,"25":1,"26":1,"27":1,"28":1,"29":2,"30":2,"31":10,"32":2,"33":1,"34":1,"35":1,"36":1,"37":1},"f":{"0":1,"1":1,"2":2,"3":11,"4":2,"5":11,"6":2,"7":10},"b":{"0":[1,1],"1":[1,1],"2":[1,1]},"_coverageSchema":"1a1c01bbd47fc00a2c39e90264f33305004495a9","hash":"0788cc7ccb620e2c2596b9a20744e7c8cd596e68"}
,"C:\\Users\\Maric Razvan\\OneDrive\\Desktop\\MPP\\Project\\server\\model\\people.js": {"path":"C:\\Users\\Maric Razvan\\OneDrive\\Desktop\\MPP\\Project\\server\\model\\people.js","statementMap":{"0":{"start":{"line":1,"column":15},"end":{"line":47,"column":1}},"1":{"start":{"line":49,"column":0},"end":{"line":49,"column":24}}},"fnMap":{},"branchMap":{},"s":{"0":1,"1":1},"f":{},"b":{},"_coverageSchema":"1a1c01bbd47fc00a2c39e90264f33305004495a9","hash":"083d6770a035b018c20cfe723c91fbe0daf6e56b"}
}
